<?xml version="1.0" encoding="UTF-8"?>
<testng-results skipped="0" failed="0" ignored="0" total="0" passed="0">
  <reporter-output>
  </reporter-output>
  <suite name="CanvasTest" duration-ms="8" started-at="2020-02-23T20:10:04 IST" finished-at="2020-02-23T20:10:04 IST">
    <groups>
    </groups>
    <test name="Command line test" duration-ms="8" started-at="2020-02-23T20:10:04 IST" finished-at="2020-02-23T20:10:04 IST">
    </test> <!-- Command line test -->
  </suite> <!-- CanvasTest -->
</testng-results>
